Build started 12/5/2014 10:50:52 PM.
     1>Project "C:\Users\steve_000\Documents\GitHub\trackTime\22C_Team_No_10\program_docs\22c Team Project.vcxproj" on node 2 (Build target(s)).
     1>ClCompile:
         C:\Program Files (x86)\VC\bin\CL.exe /c /Zi /nologo /W3 /WX- /Od /Oy- /D WIN32 /D _DEBUG /D _CONSOLE /Gm /EHsc /RTC1 /MDd /GS /fp:precise /Zc:wchar_t /Zc:forScope /Fo"Debug\\" /Fd"Debug\vc120.pdb" /Gd /TP /analyze- /errorReport:prompt main.cpp
         main.cpp
     1>main.cpp(101): warning C4996: 'localtime': This function or variable may be unsafe. Consider using localtime_s instead. To disable deprecation, use _CRT_SECURE_NO_WARNINGS. See online help for details.
                 C:\Program Files (x86)\VC\include\time.inl(112) : see declaration of 'localtime'
     1>main.cpp(327): warning C4018: '<' : signed/unsigned mismatch
     1>main.cpp(341): warning C4018: '<' : signed/unsigned mismatch
     1>main.cpp(363): warning C4018: '<' : signed/unsigned mismatch
     1>main.cpp(377): warning C4018: '<' : signed/unsigned mismatch
     1>main.cpp(399): warning C4018: '<' : signed/unsigned mismatch
     1>c:\users\steve_000\documents\github\tracktime\22c_team_no_10\program_docs\HashedDictionary.h(150): warning C4018: '<' : signed/unsigned mismatch
                 c:\users\steve_000\documents\github\tracktime\22c_team_no_10\program_docs\HashedDictionary.h(148) : while compiling class template member function 'int HashedDictionary<std::string,Racer>::getHashIndex(const KeyType &) const'
                 with
                 [
                     KeyType=std::string
                 ]
                 c:\users\steve_000\documents\github\tracktime\22c_team_no_10\program_docs\HashedDictionary.h(167) : see reference to function template instantiation 'int HashedDictionary<std::string,Racer>::getHashIndex(const KeyType &) const' being compiled
                 with
                 [
                     KeyType=std::string
                 ]
                 c:\users\steve_000\documents\github\tracktime\22c_team_no_10\program_docs\HashedDictionary.h(68) : while compiling class template member function 'HashedDictionary<std::string,Racer>::HashedDictionary(int)'
                 main.cpp(52) : see reference to function template instantiation 'HashedDictionary<std::string,Racer>::HashedDictionary(int)' being compiled
                 main.cpp(52) : see reference to class template instantiation 'HashedDictionary<std::string,Racer>' being compiled
       Link:
         C:\Program Files (x86)\VC\bin\link.exe /ERRORREPORT:PROMPT /OUT:"C:\Users\steve_000\Documents\GitHub\trackTime\22C_Team_No_10\program_docs\Debug\22c Team Project.exe" /INCREMENTAL /NOLOGO kernel32.lib user32.lib gdi32.lib winspool.lib comdlg32.lib advapi32.lib shell32.lib ole32.lib oleaut32.lib uuid.lib odbc32.lib odbccp32.lib /MANIFEST /MANIFESTUAC:"level='asInvoker' uiAccess='false'" /manifest:embed /DEBUG /PDB:"C:\Users\steve_000\Documents\GitHub\trackTime\22C_Team_No_10\program_docs\Debug\22c Team Project.pdb" /SUBSYSTEM:CONSOLE /TLBID:1 /DYNAMICBASE /NXCOMPAT /IMPLIB:"C:\Users\steve_000\Documents\GitHub\trackTime\22C_Team_No_10\program_docs\Debug\22c Team Project.lib" /MACHINE:X86 Debug\main.obj
         22c Team Project.vcxproj -> C:\Users\steve_000\Documents\GitHub\trackTime\22C_Team_No_10\program_docs\Debug\22c Team Project.exe
     1>Done Building Project "C:\Users\steve_000\Documents\GitHub\trackTime\22C_Team_No_10\program_docs\22c Team Project.vcxproj" (Build target(s)).

Build succeeded.

Time Elapsed 00:00:01.17
