Build started 12/3/2014 6:46:20 PM.
Project "\\vmware-host\Shared Folders\Documents\Visual Studio 2010\Projects\trackTime\trackTime\trackTime.vcxproj" on node 2 (build target(s)).
InitializeBuildStatus:
  Creating "Debug\trackTime.unsuccessfulbuild" because "AlwaysCreate" was specified.
ClCompile:
  C:\Program Files (x86)\Microsoft Visual Studio 10.0\VC\bin\CL.exe /c /ZI /nologo /W3 /WX- /Od /Oy- /D WIN32 /D _DEBUG /D _CONSOLE /D _UNICODE /D UNICODE /Gm /EHsc /RTC1 /MDd /GS /fp:precise /Zc:wchar_t /Zc:forScope /Fo"Debug\\" /Fd"Debug\vc100.pdb" /Gd /TP /analyze- /errorReport:prompt "..\..\..\..\..\..\Documents\Visual Studio 2010\Projects\trackTime\trackTime\main.cpp"
  main.cpp
\\vmware-host\shared folders\documents\visual studio 2010\projects\tracktime\tracktime\main.cpp(297): warning C4018: '<' : signed/unsigned mismatch
\\vmware-host\shared folders\documents\visual studio 2010\projects\tracktime\tracktime\main.cpp(309): warning C4018: '<' : signed/unsigned mismatch
\\vmware-host\shared folders\documents\visual studio 2010\projects\tracktime\tracktime\main.cpp(329): warning C4018: '<' : signed/unsigned mismatch
\\vmware-host\shared folders\documents\visual studio 2010\projects\tracktime\tracktime\main.cpp(341): warning C4018: '<' : signed/unsigned mismatch
\\vmware-host\shared folders\documents\visual studio 2010\projects\tracktime\tracktime\main.cpp(361): warning C4018: '<' : signed/unsigned mismatch
\\vmware-host\shared folders\documents\visual studio 2010\projects\tracktime\tracktime\main.cpp(639): warning C4244: 'initializing' : conversion from 'int' to 'float', possible loss of data
ManifestResourceCompile:
  C:\Program Files (x86)\Microsoft SDKs\Windows\v7.0A\bin\rc.exe /nologo /fo"Debug\trackTime.exe.embed.manifest.res" Debug\trackTime_manifest.rc 
Link:
  C:\Program Files (x86)\Microsoft Visual Studio 10.0\VC\bin\link.exe /ERRORREPORT:PROMPT /OUT:"\\vmware-host\Shared Folders\Documents\Visual Studio 2010\Projects\trackTime\Debug\trackTime.exe" /INCREMENTAL /NOLOGO kernel32.lib user32.lib gdi32.lib winspool.lib comdlg32.lib advapi32.lib shell32.lib ole32.lib oleaut32.lib uuid.lib odbc32.lib odbccp32.lib /MANIFEST /ManifestFile:"Debug\trackTime.exe.intermediate.manifest" /MANIFESTUAC:"level='asInvoker' uiAccess='false'" /DEBUG /PDB:"\\vmware-host\Shared Folders\Documents\Visual Studio 2010\Projects\trackTime\Debug\trackTime.pdb" /SUBSYSTEM:CONSOLE /TLBID:1 /DYNAMICBASE /NXCOMPAT /IMPLIB:"\\vmware-host\Shared Folders\Documents\Visual Studio 2010\Projects\trackTime\Debug\trackTime.lib" /MACHINE:X86 Debug\trackTime.exe.embed.manifest.res
  Debug\main.obj
Manifest:
  C:\Program Files (x86)\Microsoft SDKs\Windows\v7.0A\bin\mt.exe /nologo /verbose /out:"Debug\trackTime.exe.embed.manifest" /manifest Debug\trackTime.exe.intermediate.manifest
  C:\Program Files (x86)\Microsoft SDKs\Windows\v7.0A\bin\rc.exe /nologo /fo"Debug\trackTime.exe.embed.manifest.res" Debug\trackTime_manifest.rc 
LinkEmbedManifest:
  C:\Program Files (x86)\Microsoft Visual Studio 10.0\VC\bin\link.exe /ERRORREPORT:PROMPT /OUT:"\\vmware-host\Shared Folders\Documents\Visual Studio 2010\Projects\trackTime\Debug\trackTime.exe" /INCREMENTAL /NOLOGO kernel32.lib user32.lib gdi32.lib winspool.lib comdlg32.lib advapi32.lib shell32.lib ole32.lib oleaut32.lib uuid.lib odbc32.lib odbccp32.lib /MANIFEST /ManifestFile:"Debug\trackTime.exe.intermediate.manifest" /MANIFESTUAC:"level='asInvoker' uiAccess='false'" /DEBUG /PDB:"\\vmware-host\Shared Folders\Documents\Visual Studio 2010\Projects\trackTime\Debug\trackTime.pdb" /SUBSYSTEM:CONSOLE /TLBID:1 /DYNAMICBASE /NXCOMPAT /IMPLIB:"\\vmware-host\Shared Folders\Documents\Visual Studio 2010\Projects\trackTime\Debug\trackTime.lib" /MACHINE:X86 Debug\trackTime.exe.embed.manifest.res
  Debug\main.obj
  trackTime.vcxproj -> \\vmware-host\Shared Folders\Documents\Visual Studio 2010\Projects\trackTime\Debug\trackTime.exe
FinalizeBuildStatus:
  Deleting file "Debug\trackTime.unsuccessfulbuild".
  Touching "Debug\trackTime.lastbuildstate".
Done Building Project "\\vmware-host\Shared Folders\Documents\Visual Studio 2010\Projects\trackTime\trackTime\trackTime.vcxproj" (build target(s)).

Build succeeded.

Time Elapsed 00:00:05.24
